[1/22] GEN: hero/things-to-do-hero.png (1536x1024)
  -> downloaded 2417631 bytes
[2/22] GEN: hero/events-hero.png (1536x1024)
  -> downloaded 2551714 bytes
[3/22] GEN: hero/history-hero.png (1536x1024)
  -> downloaded 2713557 bytes
[4/22] GEN: hero/about-hero.png (1536x1024)
  -> downloaded 2429099 bytes
[5/22] GEN: hero/blog-hero.png (1536x1024)
  -> downloaded 2856495 bytes
[6/22] GEN: hero/submit-hero.png (1536x1024)
  -> downloaded 2282323 bytes
[7/22] GEN: hero/contact-hero.png (1536x1024)
  -> downloaded 2635002 bytes
[8/22] GEN: categories/dealerships-card.png (1024x1024)
  -> downloaded 1947512 bytes
[9/22] GEN: categories/auto-repair-card.png (1024x1024)
  -> downloaded 1875602 bytes
[10/22] GEN: categories/auto-detailing-card.png (1024x1024)
  -> downloaded 1626756 bytes
[11/22] GEN: categories/new-cars-card.png (1024x1024)
  -> downloaded 1568743 bytes
[12/22] GEN: lifestyle/nashville-food.png (1536x1024)
  -> downloaded 2311549 bytes
[13/22] GEN: lifestyle/nashville-music.png (1536x1024)
  -> downloaded 2688771 bytes
[14/22] GEN: lifestyle/nashville-culture.png (1536x1024)
  -> downloaded 2856764 bytes
[15/22] GEN: businesses/dealership-1.png (1024x1024)
  -> downloaded 1778786 bytes
[16/22] GEN: businesses/dealership-2.png (1024x1024)
  -> downloaded 1583122 bytes
[17/22] GEN: businesses/repair-1.png (1024x1024)
  -> downloaded 1742692 bytes
[18/22] GEN: businesses/repair-2.png (1024x1024)
  -> downloaded 1565460 bytes
[19/22] GEN: businesses/detailing-1.png (1024x1024)
  -> downloaded 1585010 bytes
[20/22] GEN: businesses/detailing-2.png (1024x1024)
  -> downloaded 1583727 bytes
[21/22] GEN: businesses/new-cars-1.png (1024x1024)
  -> downloaded 1771799 bytes
[22/22] GEN: businesses/new-cars-2.png (1024x1024)
  -> downloaded 1981227 bytes
DONE — processed 22 prompts
